Start auto log messages stack - Iteration 1.	[MsgId: MMSG-10545]
t=00098821ms: ** 23: Wait 3 seconds ** started    [MsgId: MMSG-205180]	[MsgId: MMSG-205180]
t=00102127ms: ** 23: Wait 3 seconds ** successfully completed with end event 'Action completed'    [MsgId: MMSG-205180]	[MsgId: MMSG-205180]
t=00102633ms: ** 24: Scroll CONTINUE CHECKOUT ?  into view ** started    [MsgId: MMSG-205180]	[MsgId: MMSG-205180]
t=00102883ms: ** 24: Scroll CONTINUE CHECKOUT ?  into view ** successfully completed with end event 'Action completed'    [MsgId: MMSG-205180]	[MsgId: MMSG-205180]
t=00102887ms: ** 25: Wait 3 seconds ** started    [MsgId: MMSG-205180]	[MsgId: MMSG-205180]
t=00106095ms: ** 25: Wait 3 seconds ** successfully completed with end event 'Action completed'    [MsgId: MMSG-205180]	[MsgId: MMSG-205180]
t=00106632ms: ** 26: Click on CONTINUE CHECKOUT ?  ** started    [MsgId: MMSG-205180]	[MsgId: MMSG-205180]
t=00142015ms: Error -205177: ** 26: Click on CONTINUE CHECKOUT ?  ** failed - end event error due to network timeout. Open requests: https://ad.doubleclick.net/adj/N7050.197812.NSO.CODESRV/B8074538.108087571;dcadv=4399554;sz=1x2;ord=460383298495.4591?;        Snapshot Info [MSH 1 0]    [MsgId: MERR-205177]	[MsgId: MERR-205177]
Start auto log messages stack - Iteration 2.	[MsgId: MMSG-10545]
t=00208516ms: ** 5: Click on Add to Cart javascript_link ** started    [MsgId: MMSG-205180]	[MsgId: MMSG-205180]
t=00209791ms: ** 5: Click on Add to Cart javascript_link ** successfully completed with end event 'Step synchronous network completed'    [MsgId: MMSG-205180]	[MsgId: MMSG-205180]
t=00210296ms: ** 6: Click on Checkout link ** started    [MsgId: MMSG-205180]	[MsgId: MMSG-205180]
t=00212153ms: ** 6: Click on Checkout link ** successfully completed with end event 'Document Loaded'    [MsgId: MMSG-205180]	[MsgId: MMSG-205180]
t=00212157ms: ** 7: Wait 3 seconds ** started    [MsgId: MMSG-205180]	[MsgId: MMSG-205180]
t=00215367ms: ** 7: Wait 3 seconds ** successfully completed with end event 'Action completed'    [MsgId: MMSG-205180]	[MsgId: MMSG-205180]
t=00216027ms: ** 8: Click on CONTINUE CHECKOUT ? link ** started    [MsgId: MMSG-205180]	[MsgId: MMSG-205180]
t=00396143ms: Error -205177: ** 8: Click on CONTINUE CHECKOUT ? link ** timed out. Open requests: https://www.google.com/ads/user-lists/1045657028/?random=1501679623276&cv=8&fst=1501678800000&num=1&fmt=1&guid=ON&u_h=768&u_w=1364&u_ah=724&u_aw=1364&u_cd=16&u_his=10&u_tz=-300&u_java=false&u_nplug=0&u_nmime=0&frm=2&url=https%3A%2F%2F4399660.fls.doubleclick.net%2Factivityi%3Bsrc%3D4399660%3Btype%3Dret01%3Bcat%3Dland01%3Bord%3D6381866509108.03%3F&ref=https%3A%2F%2Fqa.gamestop.com%2FCheckout%2Fen%2FLogin%3Fcontinue%3DTrue&cdct=2&is_vtc=1&random=972823020&fpvtc=/1045657028/%3Frandom%3D504705445%26cv%3D8%26fst%3D1501678800000%26num%3D1%26fmt%3D1%26guid%3DON%26u_h%3D768%26u_w%3D1364%26u_ah%3D724%26u_aw%3D1364%26u_cd%3D16%26u_his%3D10%26u_tz%3D-300%26u_java%3Dfalse%26u_nplug%3D0%26u_nmime%3D0%26frm%3D2%26url%3Dhttps%253A%252F%252F4399660.fls.doubleclick.net%252Factivityi%253Bsrc%253D4399660%253Btype%253Dret01%253Bcat%253Dland01%253Bord%253D6381866509108.03%253F%26ref%3Dhttps%253A%252F%252Fqa.gamestop.com%252FCheckout%252Fen%252FLogin%253Fcontinue%253DTrue%26cdct%3D2%26is_vtc%3D1;        Snapshot Info [MSH 2 0]    [MsgId: MERR-205177]	[MsgId: MERR-205177]
Start auto log messages stack - Iteration 2.	[MsgId: MMSG-10545]
t=00216523ms: ** 3: Type Test1236 in Find games, consoles,... textbox ** successfully completed with end event 'Action completed'    [MsgId: MMSG-205180]	[MsgId: MMSG-205180]
t=00217297ms: ** 4: Press Enter key on Find games, consoles,... textbox ** started    [MsgId: MMSG-205180]	[MsgId: MMSG-205180]
t=00221118ms: ** 4: Press Enter key on Find games, consoles,... textbox ** successfully completed with end event 'Document Loaded'    [MsgId: MMSG-205180]	[MsgId: MMSG-205180]
t=00221624ms: ** 5: Click on Add to Cart javascript_link ** started    [MsgId: MMSG-205180]	[MsgId: MMSG-205180]
t=00222115ms: ** 5: Click on Add to Cart javascript_link ** successfully completed with end event 'Step synchronous network completed'    [MsgId: MMSG-205180]	[MsgId: MMSG-205180]
t=00223285ms: ** 6: Click on Checkout link ** started    [MsgId: MMSG-205180]	[MsgId: MMSG-205180]
t=00404423ms: Error -205177: ** 6: Click on Checkout link ** timed out. Open requests: https://www.googleadservices.com/pagead/conversion.js;        Snapshot Info [MSH 2 0]    [MsgId: MERR-205177]	[MsgId: MERR-205177]
Start auto log messages stack - Iteration 4.	[MsgId: MMSG-10545]
t=00412009ms: ** 3: Type Test1238 in Find games, consoles,... textbox ** successfully completed with end event 'Action completed'    [MsgId: MMSG-205180]	[MsgId: MMSG-205180]
t=00412516ms: ** 4: Press Enter key on Find games, consoles,... textbox ** started    [MsgId: MMSG-205180]	[MsgId: MMSG-205180]
t=00416433ms: ** 4: Press Enter key on Find games, consoles,... textbox ** successfully completed with end event 'Document Loaded'    [MsgId: MMSG-205180]	[MsgId: MMSG-205180]
t=00416976ms: ** 5: Click on Add to Cart javascript_link ** started    [MsgId: MMSG-205180]	[MsgId: MMSG-205180]
t=00417655ms: ** 5: Click on Add to Cart javascript_link ** successfully completed with end event 'Step synchronous network completed'    [MsgId: MMSG-205180]	[MsgId: MMSG-205180]
t=00418805ms: ** 6: Click on Checkout link ** started    [MsgId: MMSG-205180]	[MsgId: MMSG-205180]
t=00599775ms: Error -205177: ** 6: Click on Checkout link ** timed out. Open requests: https://4399660.fls.doubleclick.net/activityi;src=4399660;type=ret01;cat=land01;ord=4420022132146.651?;        Snapshot Info [MSH 4 1]    [MsgId: MERR-205177]	[MsgId: MERR-205177]
Start auto log messages stack - Iteration 4.	[MsgId: MMSG-10545]
t=00544805ms: ** 1: Navigate to "http://qa.gamestop.com/" ** started    [MsgId: MMSG-205180]	[MsgId: MMSG-205180]
t=00724997ms: Error -205177: ** 1: Navigate to http://qa.gamestop.com/ ** timed out. Open requests: https://apis.google.com/js/plusone.js;        Snapshot Info [MSH 4 1]    [MsgId: MERR-205177]	[MsgId: MERR-205177]
End auto log messages stack.	[MsgId: MMSG-10544]


