Start auto log messages stack - Iteration 1.	[MsgId: MMSG-10545]
t=00138492ms: ** 23: Wait 3 seconds ** started    [MsgId: MMSG-205180]	[MsgId: MMSG-205180]
t=00141826ms: ** 23: Wait 3 seconds ** successfully completed with end event 'Action completed'    [MsgId: MMSG-205180]	[MsgId: MMSG-205180]
t=00142330ms: ** 24: Scroll CONTINUE CHECKOUT ?  into view ** started    [MsgId: MMSG-205180]	[MsgId: MMSG-205180]
t=00142582ms: ** 24: Scroll CONTINUE CHECKOUT ?  into view ** successfully completed with end event 'Action completed'    [MsgId: MMSG-205180]	[MsgId: MMSG-205180]
t=00142587ms: ** 25: Wait 3 seconds ** started    [MsgId: MMSG-205180]	[MsgId: MMSG-205180]
t=00145799ms: ** 25: Wait 3 seconds ** successfully completed with end event 'Action completed'    [MsgId: MMSG-205180]	[MsgId: MMSG-205180]
t=00146300ms: ** 26: Click on CONTINUE CHECKOUT ?  ** started    [MsgId: MMSG-205180]	[MsgId: MMSG-205180]
t=00206681ms: Error -205177: ** 26: Click on CONTINUE CHECKOUT ?  ** failed - end event error due to network timeout. Open requests: https://d.adroll.com/cm/b/out;        Snapshot Info [MSH 1 0]    [MsgId: MERR-205177]	[MsgId: MERR-205177]
Start auto log messages stack - Iteration 1.	[MsgId: MMSG-10545]
t=00148793ms: ** 23: Wait 3 seconds ** started    [MsgId: MMSG-205180]	[MsgId: MMSG-205180]
t=00152032ms: ** 23: Wait 3 seconds ** successfully completed with end event 'Action completed'    [MsgId: MMSG-205180]	[MsgId: MMSG-205180]
t=00152535ms: ** 24: Scroll CONTINUE CHECKOUT ?  into view ** started    [MsgId: MMSG-205180]	[MsgId: MMSG-205180]
t=00152792ms: ** 24: Scroll CONTINUE CHECKOUT ?  into view ** successfully completed with end event 'Action completed'    [MsgId: MMSG-205180]	[MsgId: MMSG-205180]
t=00152795ms: ** 25: Wait 3 seconds ** started    [MsgId: MMSG-205180]	[MsgId: MMSG-205180]
t=00156002ms: ** 25: Wait 3 seconds ** successfully completed with end event 'Action completed'    [MsgId: MMSG-205180]	[MsgId: MMSG-205180]
t=00156506ms: ** 26: Click on CONTINUE CHECKOUT ?  ** started    [MsgId: MMSG-205180]	[MsgId: MMSG-205180]
t=00216890ms: Error -205177: ** 26: Click on CONTINUE CHECKOUT ?  ** failed - end event error due to network timeout. Open requests: https://d.adroll.com/cm/b/out;        Snapshot Info [MSH 1 0]    [MsgId: MERR-205177]	[MsgId: MERR-205177]
Start auto log messages stack - Iteration 1.	[MsgId: MMSG-10545]
t=00045552ms: ** 1: Navigate to "http://qa.gamestop.com/" ** started    [MsgId: MMSG-205180]	[MsgId: MMSG-205180]
t=00225803ms: Error -205177: ** 1: Navigate to http://qa.gamestop.com/ ** timed out. Open requests: https://www.google.com/ads/user-lists/1045657028/?random=1501594777602&cv=8&fst=1501592400000&num=1&fmt=1&guid=ON&u_h=768&u_w=1364&u_ah=724&u_aw=1364&u_cd=16&u_his=2&u_tz=-300&u_java=false&u_nplug=0&u_nmime=0&frm=2&url=http%3A%2F%2F4399660.fls.doubleclick.net%2Factivityi%3Bsrc%3D4399660%3Btype%3Dret01%3Bcat%3Dland01%3Bord%3D2539987759476.53%3F&ref=http%3A%2F%2Fqa.gamestop.com%2F&cdct=2&is_vtc=1&random=4278902877&fpvtc=/1045657028/%3Frandom%3D372601830%26cv%3D8%26fst%3D1501592400000%26num%3D1%26fmt%3D1%26guid%3DON%26u_h%3D768%26u_w%3D1364%26u_ah%3D724%26u_aw%3D1364%26u_cd%3D16%26u_his%3D2%26u_tz%3D-300%26u_java%3Dfalse%26u_nplug%3D0%26u_nmime%3D0%26frm%3D2%26url%3Dhttp%253A%252F%252F4399660.fls.doubleclick.net%252Factivityi%253Bsrc%253D4399660%253Btype%253Dret01%253Bcat%253Dland01%253Bord%253D2539987759476.53%253F%26ref%3Dhttp%253A%252F%252Fqa.gamestop.com%252F%26cdct%3D2%26is_vtc%3D1;        Snapshot Info [MSH 1 0]    [MsgId: MERR-205177]	[MsgId: MERR-205177]
Start auto log messages stack - Iteration 1.	[MsgId: MMSG-10545]
t=00158562ms: ** 23: Wait 3 seconds ** started    [MsgId: MMSG-205180]	[MsgId: MMSG-205180]
t=00161960ms: ** 23: Wait 3 seconds ** successfully completed with end event 'Action completed'    [MsgId: MMSG-205180]	[MsgId: MMSG-205180]
t=00162464ms: ** 24: Scroll CONTINUE CHECKOUT ?  into view ** started    [MsgId: MMSG-205180]	[MsgId: MMSG-205180]
t=00162719ms: ** 24: Scroll CONTINUE CHECKOUT ?  into view ** successfully completed with end event 'Action completed'    [MsgId: MMSG-205180]	[MsgId: MMSG-205180]
t=00162724ms: ** 25: Wait 3 seconds ** started    [MsgId: MMSG-205180]	[MsgId: MMSG-205180]
t=00165933ms: ** 25: Wait 3 seconds ** successfully completed with end event 'Action completed'    [MsgId: MMSG-205180]	[MsgId: MMSG-205180]
t=00166438ms: ** 26: Click on CONTINUE CHECKOUT ?  ** started    [MsgId: MMSG-205180]	[MsgId: MMSG-205180]
t=00226900ms: Error -205177: ** 26: Click on CONTINUE CHECKOUT ?  ** failed - end event error due to network timeout. Open requests: https://d.adroll.com/cm/b/out;        Snapshot Info [MSH 1 0]    [MsgId: MERR-205177]	[MsgId: MERR-205177]
Start auto log messages stack - Iteration 3.	[MsgId: MMSG-10545]
t=00329384ms: ** 23: Wait 3 seconds ** started    [MsgId: MMSG-205180]	[MsgId: MMSG-205180]
t=00332744ms: ** 23: Wait 3 seconds ** successfully completed with end event 'Action completed'    [MsgId: MMSG-205180]	[MsgId: MMSG-205180]
t=00333248ms: ** 24: Scroll CONTINUE CHECKOUT ?  into view ** started    [MsgId: MMSG-205180]	[MsgId: MMSG-205180]
t=00333503ms: ** 24: Scroll CONTINUE CHECKOUT ?  into view ** successfully completed with end event 'Action completed'    [MsgId: MMSG-205180]	[MsgId: MMSG-205180]
t=00333506ms: ** 25: Wait 3 seconds ** started    [MsgId: MMSG-205180]	[MsgId: MMSG-205180]
t=00336711ms: ** 25: Wait 3 seconds ** successfully completed with end event 'Action completed'    [MsgId: MMSG-205180]	[MsgId: MMSG-205180]
t=00337216ms: ** 26: Click on CONTINUE CHECKOUT ?  ** started    [MsgId: MMSG-205180]	[MsgId: MMSG-205180]
t=00372555ms: Error -205177: ** 26: Click on CONTINUE CHECKOUT ?  ** failed - end event error due to network timeout. Open requests: https://ad.doubleclick.net/adj/N7050.197812.NSO.CODESRV/B8074538.108087571;dcadv=4399554;sz=1x2;ord=471352725897.2404?;        Snapshot Info [MSH 3 0]    [MsgId: MERR-205177]	[MsgId: MERR-205177]
Start auto log messages stack - Iteration 3.	[MsgId: MMSG-10545]
t=00357024ms: ** 19: Scroll CONTINUE CHECKOUT ?  into view ** started    [MsgId: MMSG-205180]	[MsgId: MMSG-205180]
t=00357299ms: ** 19: Scroll CONTINUE CHECKOUT ?  into view ** successfully completed with end event 'Action completed'    [MsgId: MMSG-205180]	[MsgId: MMSG-205180]
t=00357802ms: ** 21: Click on CONTINUE CHECKOUT ?  ** started    [MsgId: MMSG-205180]	[MsgId: MMSG-205180]
t=00358345ms: ** 21: Click on CONTINUE CHECKOUT ?  ** successfully completed with end event 'Step synchronous network completed'    [MsgId: MMSG-205180]	[MsgId: MMSG-205180]
t=00358350ms: ** 23: Wait 3 seconds ** started    [MsgId: MMSG-205180]	[MsgId: MMSG-205180]
t=00361559ms: ** 23: Wait 3 seconds ** successfully completed with end event 'Action completed'    [MsgId: MMSG-205180]	[MsgId: MMSG-205180]
t=00362062ms: ** 24: Scroll CONTINUE CHECKOUT ?  into view ** started    [MsgId: MMSG-205180]	[MsgId: MMSG-205180]
t=00382270ms: Error -205177: ** 24: Scroll CONTINUE CHECKOUT ?  into view ** failed - target object was not found.       Snapshot Info [MSH 3 0]    [MsgId: MERR-205177]	[MsgId: MERR-205177]
Start auto log messages stack - Iteration 4.	[MsgId: MMSG-10545]
t=00394262ms: ** 5: Click on Add to Cart javascript_link ** started    [MsgId: MMSG-205180]	[MsgId: MMSG-205180]
t=00394826ms: ** 5: Click on Add to Cart javascript_link ** successfully completed with end event 'Step synchronous network completed'    [MsgId: MMSG-205180]	[MsgId: MMSG-205180]
t=00395332ms: ** 6: Click on Checkout link ** started    [MsgId: MMSG-205180]	[MsgId: MMSG-205180]
t=00414097ms: ** 6: Click on Checkout link ** successfully completed with end event 'Document Loaded'    [MsgId: MMSG-205180]	[MsgId: MMSG-205180]
t=00414102ms: ** 7: Wait 3 seconds ** started    [MsgId: MMSG-205180]	[MsgId: MMSG-205180]
t=00417308ms: ** 7: Wait 3 seconds ** successfully completed with end event 'Action completed'    [MsgId: MMSG-205180]	[MsgId: MMSG-205180]
t=00417813ms: ** 8: Click on CONTINUE CHECKOUT ? link ** started    [MsgId: MMSG-205180]	[MsgId: MMSG-205180]
t=00438067ms: Error -205177: ** 8: Click on CONTINUE CHECKOUT ? link ** failed - target object was not found.       Snapshot Info [MSH 4 1]    [MsgId: MERR-205177]	[MsgId: MERR-205177]
Start auto log messages stack - Iteration 4.	[MsgId: MMSG-10545]
t=00397032ms: ** 5: Click on Add to Cart javascript_link ** started    [MsgId: MMSG-205180]	[MsgId: MMSG-205180]
t=00397506ms: ** 5: Click on Add to Cart javascript_link ** successfully completed with end event 'Step synchronous network completed'    [MsgId: MMSG-205180]	[MsgId: MMSG-205180]
t=00398011ms: ** 6: Click on Checkout link ** started    [MsgId: MMSG-205180]	[MsgId: MMSG-205180]
t=00414095ms: ** 6: Click on Checkout link ** successfully completed with end event 'Document Loaded'    [MsgId: MMSG-205180]	[MsgId: MMSG-205180]
t=00414100ms: ** 7: Wait 3 seconds ** started    [MsgId: MMSG-205180]	[MsgId: MMSG-205180]
t=00417308ms: ** 7: Wait 3 seconds ** successfully completed with end event 'Action completed'    [MsgId: MMSG-205180]	[MsgId: MMSG-205180]
t=00417813ms: ** 8: Click on CONTINUE CHECKOUT ? link ** started    [MsgId: MMSG-205180]	[MsgId: MMSG-205180]
t=00438073ms: Error -205177: ** 8: Click on CONTINUE CHECKOUT ? link ** failed - target object was not found.       Snapshot Info [MSH 4 0]    [MsgId: MERR-205177]	[MsgId: MERR-205177]
Start auto log messages stack - Iteration 4.	[MsgId: MMSG-10545]
t=00368731ms: ** 6: Click on Checkout link ** started    [MsgId: MMSG-205180]	[MsgId: MMSG-205180]
t=00370573ms: ** 6: Click on Checkout link ** successfully completed with end event 'Document Loaded'    [MsgId: MMSG-205180]	[MsgId: MMSG-205180]
t=00370581ms: ** 7: Wait 3 seconds ** started    [MsgId: MMSG-205180]	[MsgId: MMSG-205180]
t=00373792ms: ** 7: Wait 3 seconds ** successfully completed with end event 'Action completed'    [MsgId: MMSG-205180]	[MsgId: MMSG-205180]
t=00374297ms: ** 8: Click on CONTINUE CHECKOUT ? link ** started    [MsgId: MMSG-205180]	[MsgId: MMSG-205180]
t=00375749ms: ** 8: Click on CONTINUE CHECKOUT ? link ** successfully completed with end event 'Document Loaded'    [MsgId: MMSG-205180]	[MsgId: MMSG-205180]
t=00376253ms: ** 9: Click on CONTINUE AS GUEST link ** started    [MsgId: MMSG-205180]	[MsgId: MMSG-205180]
t=00556371ms: Error -205177: ** 9: Click on CONTINUE AS GUEST link ** timed out. Open requests: https://4399660.fls.doubleclick.net/activityi;src=4399660;type=ret01;cat=land01;ord=978193368796.6904?;        Snapshot Info [MSH 4 0]    [MsgId: MERR-205177]	[MsgId: MERR-205177]
Start auto log messages stack - Iteration 5.	[MsgId: MMSG-10545]
t=00523690ms: ** 35: Click on Security Code: What's... textbox ** successfully completed with end event 'Step synchronous network completed'    [MsgId: MMSG-205180]	[MsgId: MMSG-205180]
t=00524195ms: ** 36: Type 690 in Security Code: What's... textbox ** started    [MsgId: MMSG-205180]	[MsgId: MMSG-205180]
t=00525776ms: ** 36: Type 690 in Security Code: What's... textbox ** successfully completed with end event 'Step synchronous network completed'    [MsgId: MMSG-205180]	[MsgId: MMSG-205180]
t=00526281ms: ** 37: Click on SUBMIT ORDER  ** started    [MsgId: MMSG-205180]	[MsgId: MMSG-205180]
t=00527253ms: ** 37: Click on SUBMIT ORDER  ** successfully completed with end event 'Step synchronous network completed'    [MsgId: MMSG-205180]	[MsgId: MMSG-205180]
t=00527259ms: ** 38: If Thanks for your order! heading exists ** started    [MsgId: MMSG-205180]	[MsgId: MMSG-205180]
t=00532054ms: ** 38.1: Click on No, Thanks  ** started    [MsgId: MMSG-205180]	[MsgId: MMSG-205180]
t=00593317ms: Error -205177: ** 38.1: Click on No, Thanks  ** failed - end event error due to network timeout. Open requests: https://secure.adnxs.com/seg?add=935749&t=2; https://secure.adnxs.com/seg?add=935748&t=2;        Snapshot Info [MSH 5 2]    [MsgId: MERR-205177]	[MsgId: MERR-205177]
End auto log messages stack.	[MsgId: MMSG-10544]


Start auto log messages stack - Iteration 6.	[MsgId: MMSG-10545]
t=00596781ms: ** 1: Navigate to http://qa.gamestop.com/ ** successfully completed with end event 'Document Loaded'    [MsgId: MMSG-205180]	[MsgId: MMSG-205180]
t=00597285ms: ** 2: Click on Find games, consoles,... textbox ** started    [MsgId: MMSG-205180]	[MsgId: MMSG-205180]
t=00597468ms: ** 2: Click on Find games, consoles,... textbox ** successfully completed with end event 'Step synchronous network completed'    [MsgId: MMSG-205180]	[MsgId: MMSG-205180]
t=00597973ms: ** 3: Type TC.getParam("SKU") in Find games, consoles,... textbox ** started    [MsgId: MMSG-205180]	[MsgId: MMSG-205180]
t=00601273ms: ** 3: Type Test1240 in Find games, consoles,... textbox ** successfully completed with end event 'Action completed'    [MsgId: MMSG-205180]	[MsgId: MMSG-205180]
t=00601780ms: ** 4: Press Enter key on Find games, consoles,... textbox ** started    [MsgId: MMSG-205180]	[MsgId: MMSG-205180]
t=00781909ms: Error -205177: ** 4: Press Enter key on Find games, consoles,... textbox ** timed out. Open requests: https://apis.google.com/se/0/_/+1/fastbutton?usegapi=1&count=true&size=medium&hl=en-US&origin=http%3A%2F%2Fqa.gamestop.com&url=http%3A%2F%2Fqa.gamestop.com%2Fgames%2Ftest1240%2F150999&gsrc=3p&ic=1&jsh=m%3B%2F_%2Fscs%2Fapps-static%2F_%2Fjs%2Fk%3Doz.gapi.en_US.6K92aQo9Wv4.O%2Fm%3D__features__%2Fam%3DAQ%2Frt%3Dj%2Fd%3D1%2Frs%3DAGLTcCNscFv6E2NuPmMeql81iaOwPi5fqg#_methods=onPlusOne%2C_ready%2C_close%2C_open%2C_resizeMe%2C_renderstart%2Concircled%2Cdrefresh%2Cerefresh%2Conload&id=I0_1501595335153&parent=http%3A%2F%2Fqa.gamestop.com&pfname=&rpctoken=56489148;        Snapshot Info [MSH 6 3]    [MsgId: MERR-205177]	[MsgId: MERR-205177]
End auto log messages stack.	[MsgId: MMSG-10544]


Start auto log messages stack - Iteration 6.	[MsgId: MMSG-10545]
t=00635260ms: ** 3: Type Test1240 in Find games, consoles,... textbox ** successfully completed with end event 'Action completed'    [MsgId: MMSG-205180]	[MsgId: MMSG-205180]
t=00635766ms: ** 4: Press Enter key on Find games, consoles,... textbox ** started    [MsgId: MMSG-205180]	[MsgId: MMSG-205180]
t=00639010ms: ** 4: Press Enter key on Find games, consoles,... textbox ** successfully completed with end event 'Document Loaded'    [MsgId: MMSG-205180]	[MsgId: MMSG-205180]
t=00639518ms: ** 5: Click on Add to Cart javascript_link ** started    [MsgId: MMSG-205180]	[MsgId: MMSG-205180]
t=00639991ms: ** 5: Click on Add to Cart javascript_link ** successfully completed with end event 'Step synchronous network completed'    [MsgId: MMSG-205180]	[MsgId: MMSG-205180]
t=00641065ms: ** 6: Click on Checkout link ** started    [MsgId: MMSG-205180]	[MsgId: MMSG-205180]
t=00822171ms: Error -205177: ** 6: Click on Checkout link ** timed out. Open requests: https://ad.doubleclick.net/adj/N7050.197812.NSO.CODESRV/B8074538.108087571;dcadv=4399554;sz=1x2;ord=306299821197.3494?;        Snapshot Info [MSH 6 1]    [MsgId: MERR-205177]	[MsgId: MERR-205177]
End auto log messages stack.	[MsgId: MMSG-10544]


Start auto log messages stack - Iteration 7.	[MsgId: MMSG-10545]
t=00647698ms: ** 1: Navigate to "http://qa.gamestop.com/" ** started    [MsgId: MMSG-205180]	[MsgId: MMSG-205180]
t=00827907ms: Error -205177: ** 1: Navigate to http://qa.gamestop.com/ ** timed out. Open requests: https://securepubads.g.doubleclick.net/gampad/ads?gdfp_req=1&correlator=936206539986494&output=json_html&callback=googletag.impl.pubads.callbackProxy2&impl=fif&eid=108809080%2C108809103%2C21060362&sc=0&sfv=1-0-9&iu=%2F1019038%2FGameStop_home_skin&sz=1x1&cookie_enabled=1&abxe=1&lmt=1501595380&dt=1501595380005&frm=20&biw=840&bih=662&oid=3&adx=0&ady=300&adk=1975479805&gut=v2&ifi=2&u_tz=-300&u_his=10&u_h=768&u_w=1364&u_ah=724&u_aw=1364&u_cd=16&u_sd=1&flash=0&url=http%3A%2F%2Fqa.gamestop.com%2F&dssz=70&icsg=2519805772955647&std=13&vrg=139&vrp=139&ga_vid=1306791847.1501595380&ga_sid=1501595380&ga_hid=1615630137;        Snapshot Info [MSH 7 1]    [MsgId: MERR-205177]	[MsgId: MERR-205177]
End auto log messages stack.	[MsgId: MMSG-10544]


