Start auto log messages stack - Iteration 1.	[MsgId: MMSG-10545]
t=00154168ms: ** 37: Type 690 in Security Code: What's... textbox ** started    [MsgId: MMSG-205180]	[MsgId: MMSG-205180]
t=00155470ms: ** 37: Type 690 in Security Code: What's... textbox ** successfully completed with end event 'Step synchronous network completed'    [MsgId: MMSG-205180]	[MsgId: MMSG-205180]
t=00155974ms: ** 38: Click on SUBMIT ORDER  ** started    [MsgId: MMSG-205180]	[MsgId: MMSG-205180]
t=00157028ms: ** 38: Click on SUBMIT ORDER  ** successfully completed with end event 'Step synchronous network completed'    [MsgId: MMSG-205180]	[MsgId: MMSG-205180]
t=00157033ms: ** 39: If Thanks for your order! heading exists ** started    [MsgId: MMSG-205180]	[MsgId: MMSG-205180]
t=00177407ms: ** 39: If Thanks for your order! heading exists ** successfully completed with end event 'Action completed'    [MsgId: MMSG-205180]	[MsgId: MMSG-205180]
t=00177910ms: ** 40: Click on Your Order Number: 417080...  ** started    [MsgId: MMSG-205180]	[MsgId: MMSG-205180]
t=00198051ms: Error -205177: ** 40: Click on Your Order Number: 417080...  ** failed - target object was not found.       Snapshot Info [MSH 1 0]    [MsgId: MERR-205177]	[MsgId: MERR-205177]
Start auto log messages stack - Iteration 1.	[MsgId: MMSG-10545]
t=00020824ms: ** 6: Click on Checkout link ** started    [MsgId: MMSG-205180]	[MsgId: MMSG-205180]
t=00022796ms: ** 6: Click on Checkout link ** successfully completed with end event 'Document Loaded'    [MsgId: MMSG-205180]	[MsgId: MMSG-205180]
t=00022801ms: ** 7: Wait 3 seconds ** started    [MsgId: MMSG-205180]	[MsgId: MMSG-205180]
t=00026013ms: ** 7: Wait 3 seconds ** successfully completed with end event 'Action completed'    [MsgId: MMSG-205180]	[MsgId: MMSG-205180]
t=00026517ms: ** 8: Click on CONTINUE CHECKOUT ? link ** started    [MsgId: MMSG-205180]	[MsgId: MMSG-205180]
t=00027908ms: ** 8: Click on CONTINUE CHECKOUT ? link ** successfully completed with end event 'Document Loaded'    [MsgId: MMSG-205180]	[MsgId: MMSG-205180]
t=00028412ms: ** 9: Click on CONTINUE AS GUEST link ** started    [MsgId: MMSG-205180]	[MsgId: MMSG-205180]
t=00208506ms: Error -205177: ** 9: Click on CONTINUE AS GUEST link ** timed out. Open requests: https://ad.doubleclick.net/adj/N7050.197812.NSO.CODESRV/B8074538.108087571;dcadv=4399554;sz=1x2;ord=253872047902.2174?;        Snapshot Info [MSH 1 0]    [MsgId: MERR-205177]	[MsgId: MERR-205177]
Start auto log messages stack - Iteration 2.	[MsgId: MMSG-10545]
t=00269887ms: ** 23: Wait 3 seconds ** started    [MsgId: MMSG-205180]	[MsgId: MMSG-205180]
t=00273094ms: ** 23: Wait 3 seconds ** successfully completed with end event 'Action completed'    [MsgId: MMSG-205180]	[MsgId: MMSG-205180]
t=00273627ms: ** 25: Scroll We are committed to protecting...  into view ** started    [MsgId: MMSG-205180]	[MsgId: MMSG-205180]
t=00273807ms: ** 25: Scroll We are committed to protecting...  into view ** successfully completed with end event 'Action completed'    [MsgId: MMSG-205180]	[MsgId: MMSG-205180]
t=00273812ms: ** 26: Wait 3 seconds ** started    [MsgId: MMSG-205180]	[MsgId: MMSG-205180]
t=00277018ms: ** 26: Wait 3 seconds ** successfully completed with end event 'Action completed'    [MsgId: MMSG-205180]	[MsgId: MMSG-205180]
t=00277522ms: ** 27: Click on CONTINUE CHECKOUT ?  ** started    [MsgId: MMSG-205180]	[MsgId: MMSG-205180]
t=00312897ms: Error -205177: ** 27: Click on CONTINUE CHECKOUT ?  ** failed - end event error due to network timeout. Open requests: https://www.google.com/ads/user-lists/1045657028/?random=1501680754472&cv=8&fst=1501678800000&num=1&fmt=1&guid=ON&eid=376635470&u_h=768&u_w=1364&u_ah=724&u_aw=1364&u_cd=16&u_his=10&u_tz=-300&u_java=false&u_nplug=0&u_nmime=0&frm=2&url=https%3A%2F%2F4399660.fls.doubleclick.net%2Factivityi%3Bsrc%3D4399660%3Btype%3Dret01%3Bcat%3Dland01%3Bord%3D7743425158882.098%3F&ref=https%3A%2F%2Fqa.gamestop.com%2FCheckout%2Fen%2FPayments&cdct=2&is_vtc=1&random=416130778&fpvtc=/1045657028/%3Frandom%3D829253380%26cv%3D8%26fst%3D1501678800000%26num%3D1%26fmt%3D1%26guid%3DON%26eid%3D376635470%26u_h%3D768%26u_w%3D1364%26u_ah%3D724%26u_aw%3D1364%26u_cd%3D16%26u_his%3D10%26u_tz%3D-300%26u_java%3Dfalse%26u_nplug%3D0%26u_nmime%3D0%26frm%3D2%26url%3Dhttps%253A%252F%252F4399660.fls.doubleclick.net%252Factivityi%253Bsrc%253D4399660%253Btype%253Dret01%253Bcat%253Dland01%253Bord%253D7743425158882.098%253F%26ref%3Dhttps%253A%252F%252Fqa.gamestop.com%252FCheckout%252Fen%252FPayments%26cdct%3D2%26is_vtc%3D1;        Snapshot Info [MSH 2 1]    [MsgId: MERR-205177]	[MsgId: MERR-205177]
Start auto log messages stack - Iteration 5.	[MsgId: MMSG-10545]
t=00628870ms: ** 23: Wait 3 seconds ** started    [MsgId: MMSG-205180]	[MsgId: MMSG-205180]
t=00632283ms: ** 23: Wait 3 seconds ** successfully completed with end event 'Action completed'    [MsgId: MMSG-205180]	[MsgId: MMSG-205180]
t=00632787ms: ** 25: Scroll We are committed to protecting...  into view ** started    [MsgId: MMSG-205180]	[MsgId: MMSG-205180]
t=00632997ms: ** 25: Scroll We are committed to protecting...  into view ** successfully completed with end event 'Action completed'    [MsgId: MMSG-205180]	[MsgId: MMSG-205180]
t=00633004ms: ** 26: Wait 3 seconds ** started    [MsgId: MMSG-205180]	[MsgId: MMSG-205180]
t=00636208ms: ** 26: Wait 3 seconds ** successfully completed with end event 'Action completed'    [MsgId: MMSG-205180]	[MsgId: MMSG-205180]
t=00636713ms: ** 27: Click on CONTINUE CHECKOUT ?  ** started    [MsgId: MMSG-205180]	[MsgId: MMSG-205180]
t=00672212ms: Error -205177: ** 27: Click on CONTINUE CHECKOUT ?  ** failed - end event error due to network timeout. Open requests: https://ad.doubleclick.net/adj/N7050.197812.NSO.CODESRV/B8074538.108087571;dcadv=4399554;sz=1x2;ord=760827708174.9884?;        Snapshot Info [MSH 5 0]    [MsgId: MERR-205177]	[MsgId: MERR-205177]
Start auto log messages stack - Iteration 6.	[MsgId: MMSG-10545]
t=00702406ms: ** 38: Click on SUBMIT ORDER  ** started    [MsgId: MMSG-205180]	[MsgId: MMSG-205180]
t=00703539ms: ** 38: Click on SUBMIT ORDER  ** successfully completed with end event 'Step synchronous network completed'    [MsgId: MMSG-205180]	[MsgId: MMSG-205180]
t=00703542ms: ** 39: If Thanks for your order! heading exists ** started    [MsgId: MMSG-205180]	[MsgId: MMSG-205180]
t=00720093ms: ** 39.1: Click on No, Thanks  ** started    [MsgId: MMSG-205180]	[MsgId: MMSG-205180]
t=00720525ms: ** 39.1: Click on No, Thanks  ** successfully completed with end event 'Step synchronous network completed'    [MsgId: MMSG-205180]	[MsgId: MMSG-205180]
t=00720733ms: ** 39: If Thanks for your order! heading exists ** successfully completed with end event 'Action completed'    [MsgId: MMSG-205180]	[MsgId: MMSG-205180]
t=00721237ms: ** 40: Click on Your Order Number: 417080...  ** started    [MsgId: MMSG-205180]	[MsgId: MMSG-205180]
t=00783043ms: Error -205177: ** 40: Click on Your Order Number: 417080...  ** failed - end event error due to network timeout. Open requests: https://secure.adnxs.com/seg?add=935749&t=2;        Snapshot Info [MSH 6 0]    [MsgId: MERR-205177]	[MsgId: MERR-205177]
End auto log messages stack.	[MsgId: MMSG-10544]


Start auto log messages stack - Iteration 6.	[MsgId: MMSG-10545]
t=00625821ms: ** 1: Navigate to http://qa.gamestop.com/ ** successfully completed with end event 'Document Loaded'    [MsgId: MMSG-205180]	[MsgId: MMSG-205180]
t=00626326ms: ** 2: Click on Find games, consoles,... textbox ** started    [MsgId: MMSG-205180]	[MsgId: MMSG-205180]
t=00626799ms: ** 2: Click on Find games, consoles,... textbox ** successfully completed with end event 'Step synchronous network completed'    [MsgId: MMSG-205180]	[MsgId: MMSG-205180]
t=00627304ms: ** 3: Type TC.getParam("SKU") in Find games, consoles,... textbox ** started    [MsgId: MMSG-205180]	[MsgId: MMSG-205180]
t=00630151ms: ** 3: Type Test1240 in Find games, consoles,... textbox ** successfully completed with end event 'Action completed'    [MsgId: MMSG-205180]	[MsgId: MMSG-205180]
t=00630656ms: ** 4: Press Enter key on Find games, consoles,... textbox ** started    [MsgId: MMSG-205180]	[MsgId: MMSG-205180]
t=00810779ms: Error -205177: ** 4: Press Enter key on Find games, consoles,... textbox ** timed out. Open requests: https://www.google.com/ads/user-lists/1045657028/?random=1501681107933&cv=8&fst=1501678800000&num=1&fmt=1&guid=ON&u_h=768&u_w=1364&u_ah=724&u_aw=1364&u_cd=16&u_his=10&u_tz=-300&u_java=false&u_nplug=0&u_nmime=0&frm=2&url=http%3A%2F%2F4399660.fls.doubleclick.net%2Factivityi%3Bsrc%3D4399660%3Btype%3Dret01%3Bcat%3Dland01%3Bord%3D5729695184273.351%3F&ref=http%3A%2F%2Fqa.gamestop.com%2Fgames%2Ftest1240%2F150999&cdct=2&is_vtc=1&random=1835247953&fpvtc=/1045657028/%3Frandom%3D1617404763%26cv%3D8%26fst%3D1501678800000%26num%3D1%26fmt%3D1%26guid%3DON%26u_h%3D768%26u_w%3D1364%26u_ah%3D724%26u_aw%3D1364%26u_cd%3D16%26u_his%3D10%26u_tz%3D-300%26u_java%3Dfalse%26u_nplug%3D0%26u_nmime%3D0%26frm%3D2%26url%3Dhttp%253A%252F%252F4399660.fls.doubleclick.net%252Factivityi%253Bsrc%253D4399660%253Btype%253Dret01%253Bcat%253Dland01%253Bord%253D5729695184273.351%253F%26ref%3Dhttp%253A%252F%252Fqa.gamestop.com%252Fgames%252Ftest1240%252F150999%26cdct%3D2%26is_vtc%3D1;        Snapshot Info [MSH 6 0]    [MsgId: MERR-205177]	[MsgId: MERR-205177]
End auto log messages stack.	[MsgId: MMSG-10544]


