Start auto log messages stack - Iteration 1.	[MsgId: MMSG-10545]
t=00149359ms: ** 23: Wait 3 seconds ** started    [MsgId: MMSG-205180]	[MsgId: MMSG-205180]
t=00152564ms: ** 23: Wait 3 seconds ** successfully completed with end event 'Action completed'    [MsgId: MMSG-205180]	[MsgId: MMSG-205180]
t=00153068ms: ** 24: Scroll CONTINUE CHECKOUT ?  into view ** started    [MsgId: MMSG-205180]	[MsgId: MMSG-205180]
t=00153316ms: ** 24: Scroll CONTINUE CHECKOUT ?  into view ** successfully completed with end event 'Action completed'    [MsgId: MMSG-205180]	[MsgId: MMSG-205180]
t=00153322ms: ** 25: Wait 3 seconds ** started    [MsgId: MMSG-205180]	[MsgId: MMSG-205180]
t=00156527ms: ** 25: Wait 3 seconds ** successfully completed with end event 'Action completed'    [MsgId: MMSG-205180]	[MsgId: MMSG-205180]
t=00157032ms: ** 26: Click on CONTINUE CHECKOUT ?  ** started    [MsgId: MMSG-205180]	[MsgId: MMSG-205180]
t=00192410ms: Error -205177: ** 26: Click on CONTINUE CHECKOUT ?  ** failed - end event error due to network timeout. Open requests: https://4399660.fls.doubleclick.net/activityi;src=4399660;type=ret01;cat=land01;ord=819684920307.1954?;        Snapshot Info [MSH 1 0]    [MsgId: MERR-205177]	[MsgId: MERR-205177]
Start auto log messages stack - Iteration 2.	[MsgId: MMSG-10545]
t=00134330ms: ** 3: Type Test1236 in Find games, consoles,... textbox ** successfully completed with end event 'Action completed'    [MsgId: MMSG-205180]	[MsgId: MMSG-205180]
t=00134834ms: ** 4: Press Enter key on Find games, consoles,... textbox ** started    [MsgId: MMSG-205180]	[MsgId: MMSG-205180]
t=00141320ms: ** 4: Press Enter key on Find games, consoles,... textbox ** successfully completed with end event 'Document Loaded'    [MsgId: MMSG-205180]	[MsgId: MMSG-205180]
t=00141828ms: ** 5: Click on Add to Cart javascript_link ** started    [MsgId: MMSG-205180]	[MsgId: MMSG-205180]
t=00142375ms: ** 5: Click on Add to Cart javascript_link ** successfully completed with end event 'Step synchronous network completed'    [MsgId: MMSG-205180]	[MsgId: MMSG-205180]
t=00143139ms: ** 6: Click on Checkout link ** started    [MsgId: MMSG-205180]	[MsgId: MMSG-205180]
t=00324298ms: Error -205177: ** 6: Click on Checkout link ** timed out. Open requests: https://www.googleadservices.com/pagead/conversion.js;        Snapshot Info [MSH 2 0]    [MsgId: MERR-205177]	[MsgId: MERR-205177]
Start auto log messages stack - Iteration 2.	[MsgId: MMSG-10545]
t=00168630ms: ** 3: Type Test1236 in Find games, consoles,... textbox ** successfully completed with end event 'Action completed'    [MsgId: MMSG-205180]	[MsgId: MMSG-205180]
t=00169133ms: ** 4: Press Enter key on Find games, consoles,... textbox ** started    [MsgId: MMSG-205180]	[MsgId: MMSG-205180]
t=00171724ms: ** 4: Press Enter key on Find games, consoles,... textbox ** successfully completed with end event 'Document Loaded'    [MsgId: MMSG-205180]	[MsgId: MMSG-205180]
t=00172231ms: ** 5: Click on Add to Cart javascript_link ** started    [MsgId: MMSG-205180]	[MsgId: MMSG-205180]
t=00172849ms: ** 5: Click on Add to Cart javascript_link ** successfully completed with end event 'Step synchronous network completed'    [MsgId: MMSG-205180]	[MsgId: MMSG-205180]
t=00173779ms: ** 6: Click on Checkout link ** started    [MsgId: MMSG-205180]	[MsgId: MMSG-205180]
t=00354928ms: Error -205177: ** 6: Click on Checkout link ** timed out. Open requests: https://www.googleadservices.com/pagead/conversion.js;        Snapshot Info [MSH 2 0]    [MsgId: MERR-205177]	[MsgId: MERR-205177]
Start auto log messages stack - Iteration 4.	[MsgId: MMSG-10545]
t=00381927ms: ** 1: Navigate to "http://qa.gamestop.com/" ** started    [MsgId: MMSG-205180]	[MsgId: MMSG-205180]
t=00562110ms: Error -205177: ** 1: Navigate to http://qa.gamestop.com/ ** timed out. Open requests: https://securepubads.g.doubleclick.net/gampad/ads?gdfp_req=1&correlator=1354631008748621&output=json_html&callback=googletag.impl.pubads.callbackProxy1&impl=fif&eid=108809080%2C21060122%2C108809103%2C21060132%2C21060361&sc=0&sfv=1-0-9&iu=%2F1019038%2FGameStop_home_af_970x66&sz=970x66&cookie_enabled=1&abxe=1&lmt=1501596344&dt=1501596344938&frm=20&biw=856&bih=662&oid=3&adx=-5&ady=215&adk=2590885968&gut=v2&ifi=1&u_tz=-300&u_his=10&u_h=768&u_w=1364&u_ah=724&u_aw=1364&u_cd=16&u_sd=1&flash=0&url=http%3A%2F%2Fqa.gamestop.com%2F&dssz=48&icsg=629951443238911&std=13&vrg=139&vrp=139&ga_vid=620439153.1501596345&ga_sid=1501596345&ga_hid=1778276810;        Snapshot Info [MSH 4 0]    [MsgId: MERR-205177]	[MsgId: MERR-205177]
